#
# There is insufficient memory for the Java Runtime Environment to continue.
# Native memory allocation (malloc) failed to allocate 151056 bytes for Chunk::new
# Possible reasons:
#   The system is out of physical RAM or swap space
#   The process is running with CompressedOops enabled, and the Java Heap may be blocking the growth of the native heap
# Possible solutions:
#   Reduce memory load on the system
#   Increase physical memory or swap space
#   Check if swap backing store is full
#   Decrease Java heap size (-Xmx/-Xms)
#   Decrease number of Java threads
#   Decrease Java thread stack sizes (-Xss)
#   Set larger code cache with -XX:ReservedCodeCacheSize=
#   JVM is running with Zero Based Compressed Oops mode in which the Java heap is
#     placed in the first 32GB address space. The Java Heap base address is the
#     maximum limit for the native heap growth. Please use -XX:HeapBaseMinAddress
#     to set the Java Heap base and to place the Java Heap above 32GB virtual address.
# This output file may be truncated or incomplete.
#
#  Out of Memory Error (arena.cpp:189), pid=7780, tid=23272
#
# JRE version: Java(TM) SE Runtime Environment (17.0.10+11) (build 17.0.10+11-LTS-240)
# Java VM: Java HotSpot(TM) 64-Bit Server VM (17.0.10+11-LTS-240, mixed mode, sharing, tiered, compressed oops, compressed class ptrs, g1 gc, windows-amd64)
# No core dump will be written. Minidumps are not enabled by default on client versions of Windows
#

---------------  S U M M A R Y ------------

Command Line: -javaagent:F:\IntelliJ IDEA Community Edition 2024.1.3\lib\idea_rt.jar=54088:F:\IntelliJ IDEA Community Edition 2024.1.3\bin -Dfile.encoding=UTF-8 com.example.newsdeliverer.NewsdelivererApplication

Host: Intel(R) Core(TM) i7-7700HQ CPU @ 2.80GHz, 8 cores, 15G,  Windows 10 , 64 bit Build 19041 (10.0.19041.4717)
Time: Fri Sep 20 15:12:21 2024 FLE Standard Time elapsed time: 2.780055 seconds (0d 0h 0m 2s)

---------------  T H R E A D  ---------------

Current thread (0x000002617fd28860):  JavaThread "C2 CompilerThread0" daemon [_thread_in_native, id=23272, stack(0x000000a9e0500000,0x000000a9e0600000)]


Current CompileTask:
C2:   2780 2618       4       org.springframework.beans.factory.support.AbstractBeanFactory::isTypeMatch (745 bytes)

Stack: [0x000000a9e0500000,0x000000a9e0600000]
Native frames: (J=compiled Java code, j=interpreted, Vv=VM code, C=native code)
V  [jvm.dll+0x677a5a]
V  [jvm.dll+0x7d8b2d]
V  [jvm.dll+0x7da48e]
V  [jvm.dll+0x7daaf3]
V  [jvm.dll+0x2455ff]
V  [jvm.dll+0xaaafb]
V  [jvm.dll+0xab09c]
V  [jvm.dll+0x5612f4]
V  [jvm.dll+0x32c240]
V  [jvm.dll+0x32b6aa]
V  [jvm.dll+0x21794f]
V  [jvm.dll+0x216d81]
V  [jvm.dll+0x1a3410]
V  [jvm.dll+0x226aeb]
V  [jvm.dll+0x224cab]
V  [jvm.dll+0x78e45c]
V  [jvm.dll+0x78888a]
V  [jvm.dll+0x676935]
C  [ucrtbase.dll+0x21bb2]
C  [KERNEL32.DLL+0x17374]
C  [ntdll.dll+0x4cc91]


---------------  P R O C E S S  ---------------

Threads class SMR info:
_java_thread_list=0x0000026156f25f60, length=15, elements={
0x000002616dfa0fe0, 0x000002617fd04dc0, 0x000002617fd07100, 0x000002617fd22880,
0x000002617fd23240, 0x000002617fd23c00, 0x000002617fd245c0, 0x000002617fd28860,
0x00000261560090f0, 0x000002615601dd50, 0x00000261561072d0, 0x00000261561063a0,
0x0000026156104a50, 0x000002615600b0d0, 0x0000026156009b90
}

Java Threads: ( => current thread )
  0x000002616dfa0fe0 JavaThread "main" [_thread_in_native, id=26352, stack(0x000000a9df800000,0x000000a9df900000)]
  0x000002617fd04dc0 JavaThread "Reference Handler" daemon [_thread_blocked, id=17456, stack(0x000000a9dff00000,0x000000a9e0000000)]
  0x000002617fd07100 JavaThread "Finalizer" daemon [_thread_blocked, id=26700, stack(0x000000a9e0000000,0x000000a9e0100000)]
  0x000002617fd22880 JavaThread "Signal Dispatcher" daemon [_thread_blocked, id=2936, stack(0x000000a9e0100000,0x000000a9e0200000)]
  0x000002617fd23240 JavaThread "Attach Listener" daemon [_thread_blocked, id=18948, stack(0x000000a9e0200000,0x000000a9e0300000)]
  0x000002617fd23c00 JavaThread "Service Thread" daemon [_thread_blocked, id=27076, stack(0x000000a9e0300000,0x000000a9e0400000)]
  0x000002617fd245c0 JavaThread "Monitor Deflation Thread" daemon [_thread_blocked, id=26788, stack(0x000000a9e0400000,0x000000a9e0500000)]
=>0x000002617fd28860 JavaThread "C2 CompilerThread0" daemon [_thread_in_native, id=23272, stack(0x000000a9e0500000,0x000000a9e0600000)]
  0x00000261560090f0 JavaThread "C1 CompilerThread0" daemon [_thread_blocked, id=11416, stack(0x000000a9e0600000,0x000000a9e0700000)]
  0x000002615601dd50 JavaThread "Sweeper thread" daemon [_thread_blocked, id=27092, stack(0x000000a9e0700000,0x000000a9e0800000)]
  0x00000261561072d0 JavaThread "Common-Cleaner" daemon [_thread_blocked, id=25596, stack(0x000000a9e0800000,0x000000a9e0900000)]
  0x00000261561063a0 JavaThread "Monitor Ctrl-Break" daemon [_thread_in_native, id=14064, stack(0x000000a9e0a00000,0x000000a9e0b00000)]
  0x0000026156104a50 JavaThread "Notification Thread" daemon [_thread_blocked, id=18640, stack(0x000000a9e0b00000,0x000000a9e0c00000)]
  0x000002615600b0d0 JavaThread "C2 CompilerThread1" daemon [_thread_in_native, id=11172, stack(0x000000a9e1100000,0x000000a9e1200000)]
  0x0000026156009b90 JavaThread "C2 CompilerThread2" daemon [_thread_in_native, id=12428, stack(0x000000a9e1500000,0x000000a9e1600000)]

Other Threads:
  0x000002617fd011c0 VMThread "VM Thread" [stack: 0x000000a9dfe00000,0x000000a9dff00000] [id=7736]
  0x000002616e02c0d0 WatcherThread [stack: 0x000000a9e0c00000,0x000000a9e0d00000] [id=20660]
  0x000002616e00ba30 GCTaskThread "GC Thread#0" [stack: 0x000000a9df900000,0x000000a9dfa00000] [id=27436]
  0x0000026156a36970 GCTaskThread "GC Thread#1" [stack: 0x000000a9e0900000,0x000000a9e0a00000] [id=23380]
  0x0000026156a36c30 GCTaskThread "GC Thread#2" [stack: 0x000000a9e0d00000,0x000000a9e0e00000] [id=20844]
  0x0000026156a072d0 GCTaskThread "GC Thread#3" [stack: 0x000000a9e0e00000,0x000000a9e0f00000] [id=20048]
  0x0000026156a07590 GCTaskThread "GC Thread#4" [stack: 0x000000a9e0f00000,0x000000a9e1000000] [id=13180]
  0x0000026156a07cd0 GCTaskThread "GC Thread#5" [stack: 0x000000a9e1000000,0x000000a9e1100000] [id=11984]
  0x0000026156caabf0 GCTaskThread "GC Thread#6" [stack: 0x000000a9e1300000,0x000000a9e1400000] [id=10484]
  0x0000026156c75870 GCTaskThread "GC Thread#7" [stack: 0x000000a9e1400000,0x000000a9e1500000] [id=17024]
  0x000002616e01c7c0 ConcurrentGCThread "G1 Main Marker" [stack: 0x000000a9dfa00000,0x000000a9dfb00000] [id=20644]
  0x000002616e01d970 ConcurrentGCThread "G1 Conc#0" [stack: 0x000000a9dfb00000,0x000000a9dfc00000] [id=9552]
  0x000002616e06ea20 ConcurrentGCThread "G1 Refine#0" [stack: 0x000000a9dfc00000,0x000000a9dfd00000] [id=6624]
  0x000002617fbb9a60 ConcurrentGCThread "G1 Service" [stack: 0x000000a9dfd00000,0x000000a9dfe00000] [id=18352]

Threads with active compile tasks:
C2 CompilerThread0     2841 2618       4       org.springframework.beans.factory.support.AbstractBeanFactory::isTypeMatch (745 bytes)
C2 CompilerThread1     2841 2635       4       java.lang.invoke.MethodType::makeImpl (109 bytes)
C2 CompilerThread2     2841 2754       4       org.springframework.beans.factory.support.AbstractAutowireCapableBeanFactory::predictBeanType (128 bytes)

VM state: not at safepoint (normal execution)

VM Mutex/Monitor currently owned by a thread: None

Heap address: 0x0000000701c00000, size: 4068 MB, Compressed Oops mode: Zero based, Oop shift amount: 3

CDS archive(s) mapped at: [0x0000026111000000-0x0000026111bd0000-0x0000026111bd0000), size 12386304, SharedBaseAddress: 0x0000026111000000, ArchiveRelocationMode: 1.
Compressed class space mapped at: 0x0000026112000000-0x0000026152000000, reserved size: 1073741824
Narrow klass base: 0x0000026111000000, Narrow klass shift: 0, Narrow klass range: 0x100000000

GC Precious Log:
 CPUs: 8 total, 8 available
 Memory: 16267M
 Large Page Support: Disabled
 NUMA Support: Disabled
 Compressed Oops: Enabled (Zero based)
 Heap Region Size: 2M
 Heap Min Capacity: 8M
 Heap Initial Capacity: 256M
 Heap Max Capacity: 4068M
 Pre-touch: Disabled
 Parallel Workers: 8
 Concurrent Workers: 2
 Concurrent Refinement Workers: 8
 Periodic GC: Disabled

Heap:
 garbage-first heap   total 262144K, used 39430K [0x0000000701c00000, 0x0000000800000000)
  region size 2048K, 19 young (38912K), 2 survivors (4096K)
 Metaspace       used 19934K, committed 20224K, reserved 1114112K
  class space    used 2469K, committed 2624K, reserved 1048576K

Heap Regions: E=young(eden), S=young(survivor), O=old, HS=humongous(starts), HC=humongous(continues), CS=collection set, F=free, OA=open archive, CA=closed archive, TAMS=top-at-mark-start (previous, next)
|   0|0x0000000701c00000, 0x0000000701e00000, 0x0000000701e00000|100%| O|  |TAMS 0x0000000701c00000, 0x0000000701c00000| Untracked 
|   1|0x0000000701e00000, 0x0000000702000000, 0x0000000702000000|100%| O|  |TAMS 0x0000000701e00000, 0x0000000701e00000| Untracked 
|   2|0x0000000702000000, 0x0000000702043400, 0x0000000702200000| 13%| O|  |TAMS 0x0000000702000000, 0x0000000702000000| Untracked 
|   3|0x0000000702200000, 0x0000000702200000, 0x0000000702400000|  0%| F|  |TAMS 0x0000000702200000, 0x0000000702200000| Untracked 
|   4|0x0000000702400000, 0x0000000702400000, 0x0000000702600000|  0%| F|  |TAMS 0x0000000702400000, 0x0000000702400000| Untracked 
|   5|0x0000000702600000, 0x0000000702600000, 0x0000000702800000|  0%| F|  |TAMS 0x0000000702600000, 0x0000000702600000| Untracked 
|   6|0x0000000702800000, 0x0000000702800000, 0x0000000702a00000|  0%| F|  |TAMS 0x0000000702800000, 0x0000000702800000| Untracked 
|   7|0x0000000702a00000, 0x0000000702a00000, 0x0000000702c00000|  0%| F|  |TAMS 0x0000000702a00000, 0x0000000702a00000| Untracked 
|   8|0x0000000702c00000, 0x0000000702c00000, 0x0000000702e00000|  0%| F|  |TAMS 0x0000000702c00000, 0x0000000702c00000| Untracked 
|   9|0x0000000702e00000, 0x0000000702e00000, 0x0000000703000000|  0%| F|  |TAMS 0x0000000702e00000, 0x0000000702e00000| Untracked 
|  10|0x0000000703000000, 0x0000000703000000, 0x0000000703200000|  0%| F|  |TAMS 0x0000000703000000, 0x0000000703000000| Untracked 
|  11|0x0000000703200000, 0x0000000703200000, 0x0000000703400000|  0%| F|  |TAMS 0x0000000703200000, 0x0000000703200000| Untracked 
|  12|0x0000000703400000, 0x0000000703400000, 0x0000000703600000|  0%| F|  |TAMS 0x0000000703400000, 0x0000000703400000| Untracked 
|  13|0x0000000703600000, 0x0000000703600000, 0x0000000703800000|  0%| F|  |TAMS 0x0000000703600000, 0x0000000703600000| Untracked 
|  14|0x0000000703800000, 0x0000000703800000, 0x0000000703a00000|  0%| F|  |TAMS 0x0000000703800000, 0x0000000703800000| Untracked 
|  15|0x0000000703a00000, 0x0000000703a00000, 0x0000000703c00000|  0%| F|  |TAMS 0x0000000703a00000, 0x0000000703a00000| Untracked 
|  16|0x0000000703c00000, 0x0000000703c00000, 0x0000000703e00000|  0%| F|  |TAMS 0x0000000703c00000, 0x0000000703c00000| Untracked 
|  17|0x0000000703e00000, 0x0000000703e00000, 0x0000000704000000|  0%| F|  |TAMS 0x0000000703e00000, 0x0000000703e00000| Untracked 
|  18|0x0000000704000000, 0x0000000704000000, 0x0000000704200000|  0%| F|  |TAMS 0x0000000704000000, 0x0000000704000000| Untracked 
|  19|0x0000000704200000, 0x0000000704200000, 0x0000000704400000|  0%| F|  |TAMS 0x0000000704200000, 0x0000000704200000| Untracked 
|  20|0x0000000704400000, 0x0000000704400000, 0x0000000704600000|  0%| F|  |TAMS 0x0000000704400000, 0x0000000704400000| Untracked 
|  21|0x0000000704600000, 0x0000000704600000, 0x0000000704800000|  0%| F|  |TAMS 0x0000000704600000, 0x0000000704600000| Untracked 
|  22|0x0000000704800000, 0x0000000704800000, 0x0000000704a00000|  0%| F|  |TAMS 0x0000000704800000, 0x0000000704800000| Untracked 
|  23|0x0000000704a00000, 0x0000000704a00000, 0x0000000704c00000|  0%| F|  |TAMS 0x0000000704a00000, 0x0000000704a00000| Untracked 
|  24|0x0000000704c00000, 0x0000000704c00000, 0x0000000704e00000|  0%| F|  |TAMS 0x0000000704c00000, 0x0000000704c00000| Untracked 
|  25|0x0000000704e00000, 0x0000000704e00000, 0x0000000705000000|  0%| F|  |TAMS 0x0000000704e00000, 0x0000000704e00000| Untracked 
|  26|0x0000000705000000, 0x0000000705000000, 0x0000000705200000|  0%| F|  |TAMS 0x0000000705000000, 0x0000000705000000| Untracked 
|  27|0x0000000705200000, 0x0000000705200000, 0x0000000705400000|  0%| F|  |TAMS 0x0000000705200000, 0x0000000705200000| Untracked 
|  28|0x0000000705400000, 0x0000000705400000, 0x0000000705600000|  0%| F|  |TAMS 0x0000000705400000, 0x0000000705400000| Untracked 
|  29|0x0000000705600000, 0x0000000705600000, 0x0000000705800000|  0%| F|  |TAMS 0x0000000705600000, 0x0000000705600000| Untracked 
|  30|0x0000000705800000, 0x0000000705800000, 0x0000000705a00000|  0%| F|  |TAMS 0x0000000705800000, 0x0000000705800000| Untracked 
|  31|0x0000000705a00000, 0x0000000705a00000, 0x0000000705c00000|  0%| F|  |TAMS 0x0000000705a00000, 0x0000000705a00000| Untracked 
|  32|0x0000000705c00000, 0x0000000705c00000, 0x0000000705e00000|  0%| F|  |TAMS 0x0000000705c00000, 0x0000000705c00000| Untracked 
|  33|0x0000000705e00000, 0x0000000705e00000, 0x0000000706000000|  0%| F|  |TAMS 0x0000000705e00000, 0x0000000705e00000| Untracked 
|  34|0x0000000706000000, 0x0000000706000000, 0x0000000706200000|  0%| F|  |TAMS 0x0000000706000000, 0x0000000706000000| Untracked 
|  35|0x0000000706200000, 0x0000000706200000, 0x0000000706400000|  0%| F|  |TAMS 0x0000000706200000, 0x0000000706200000| Untracked 
|  36|0x0000000706400000, 0x0000000706400000, 0x0000000706600000|  0%| F|  |TAMS 0x0000000706400000, 0x0000000706400000| Untracked 
|  37|0x0000000706600000, 0x0000000706600000, 0x0000000706800000|  0%| F|  |TAMS 0x0000000706600000, 0x0000000706600000| Untracked 
|  38|0x0000000706800000, 0x0000000706800000, 0x0000000706a00000|  0%| F|  |TAMS 0x0000000706800000, 0x0000000706800000| Untracked 
|  39|0x0000000706a00000, 0x0000000706a00000, 0x0000000706c00000|  0%| F|  |TAMS 0x0000000706a00000, 0x0000000706a00000| Untracked 
|  40|0x0000000706c00000, 0x0000000706c00000, 0x0000000706e00000|  0%| F|  |TAMS 0x0000000706c00000, 0x0000000706c00000| Untracked 
|  41|0x0000000706e00000, 0x0000000706e00000, 0x0000000707000000|  0%| F|  |TAMS 0x0000000706e00000, 0x0000000706e00000| Untracked 
|  42|0x0000000707000000, 0x0000000707000000, 0x0000000707200000|  0%| F|  |TAMS 0x0000000707000000, 0x0000000707000000| Untracked 
|  43|0x0000000707200000, 0x0000000707200000, 0x0000000707400000|  0%| F|  |TAMS 0x0000000707200000, 0x0000000707200000| Untracked 
|  44|0x0000000707400000, 0x0000000707400000, 0x0000000707600000|  0%| F|  |TAMS 0x0000000707400000, 0x0000000707400000| Untracked 
|  45|0x0000000707600000, 0x0000000707600000, 0x0000000707800000|  0%| F|  |TAMS 0x0000000707600000, 0x0000000707600000| Untracked 
|  46|0x0000000707800000, 0x0000000707800000, 0x0000000707a00000|  0%| F|  |TAMS 0x0000000707800000, 0x0000000707800000| Untracked 
|  47|0x0000000707a00000, 0x0000000707a00000, 0x0000000707c00000|  0%| F|  |TAMS 0x0000000707a00000, 0x0000000707a00000| Untracked 
|  48|0x0000000707c00000, 0x0000000707c00000, 0x0000000707e00000|  0%| F|  |TAMS 0x0000000707c00000, 0x0000000707c00000| Untracked 
|  49|0x0000000707e00000, 0x0000000707e00000, 0x0000000708000000|  0%| F|  |TAMS 0x0000000707e00000, 0x0000000707e00000| Untracked 
|  50|0x0000000708000000, 0x0000000708000000, 0x0000000708200000|  0%| F|  |TAMS 0x0000000708000000, 0x0000000708000000| Untracked 
|  51|0x0000000708200000, 0x0000000708200000, 0x0000000708400000|  0%| F|  |TAMS 0x0000000708200000, 0x0000000708200000| Untracked 
|  52|0x0000000708400000, 0x0000000708400000, 0x0000000708600000|  0%| F|  |TAMS 0x0000000708400000, 0x0000000708400000| Untracked 
|  53|0x0000000708600000, 0x0000000708600000, 0x0000000708800000|  0%| F|  |TAMS 0x0000000708600000, 0x0000000708600000| Untracked 
|  54|0x0000000708800000, 0x0000000708800000, 0x0000000708a00000|  0%| F|  |TAMS 0x0000000708800000, 0x0000000708800000| Untracked 
|  55|0x0000000708a00000, 0x0000000708a00000, 0x0000000708c00000|  0%| F|  |TAMS 0x0000000708a00000, 0x0000000708a00000| Untracked 
|  56|0x0000000708c00000, 0x0000000708c00000, 0x0000000708e00000|  0%| F|  |TAMS 0x0000000708c00000, 0x0000000708c00000| Untracked 
|  57|0x0000000708e00000, 0x0000000708e00000, 0x0000000709000000|  0%| F|  |TAMS 0x0000000708e00000, 0x0000000708e00000| Untracked 
|  58|0x0000000709000000, 0x0000000709000000, 0x0000000709200000|  0%| F|  |TAMS 0x0000000709000000, 0x0000000709000000| Untracked 
|  59|0x0000000709200000, 0x0000000709200000, 0x0000000709400000|  0%| F|  |TAMS 0x0000000709200000, 0x0000000709200000| Untracked 
|  60|0x0000000709400000, 0x0000000709400000, 0x0000000709600000|  0%| F|  |TAMS 0x0000000709400000, 0x0000000709400000| Untracked 
|  61|0x0000000709600000, 0x0000000709600000, 0x0000000709800000|  0%| F|  |TAMS 0x0000000709600000, 0x0000000709600000| Untracked 
|  62|0x0000000709800000, 0x0000000709800000, 0x0000000709a00000|  0%| F|  |TAMS 0x0000000709800000, 0x0000000709800000| Untracked 
|  63|0x0000000709a00000, 0x0000000709a00000, 0x0000000709c00000|  0%| F|  |TAMS 0x0000000709a00000, 0x0000000709a00000| Untracked 
|  64|0x0000000709c00000, 0x0000000709c00000, 0x0000000709e00000|  0%| F|  |TAMS 0x0000000709c00000, 0x0000000709c00000| Untracked 
|  65|0x0000000709e00000, 0x0000000709e00000, 0x000000070a000000|  0%| F|  |TAMS 0x0000000709e00000, 0x0000000709e00000| Untracked 
|  66|0x000000070a000000, 0x000000070a000000, 0x000000070a200000|  0%| F|  |TAMS 0x000000070a000000, 0x000000070a000000| Untracked 
|  67|0x000000070a200000, 0x000000070a200000, 0x000000070a400000|  0%| F|  |TAMS 0x000000070a200000, 0x000000070a200000| Untracked 
|  68|0x000000070a400000, 0x000000070a400000, 0x000000070a600000|  0%| F|  |TAMS 0x000000070a400000, 0x000000070a400000| Untracked 
|  69|0x000000070a600000, 0x000000070a600000, 0x000000070a800000|  0%| F|  |TAMS 0x000000070a600000, 0x000000070a600000| Untracked 
|  70|0x000000070a800000, 0x000000070a800000, 0x000000070aa00000|  0%| F|  |TAMS 0x000000070a800000, 0x000000070a800000| Untracked 
|  71|0x000000070aa00000, 0x000000070aa00000, 0x000000070ac00000|  0%| F|  |TAMS 0x000000070aa00000, 0x000000070aa00000| Untracked 
|  72|0x000000070ac00000, 0x000000070ac00000, 0x000000070ae00000|  0%| F|  |TAMS 0x000000070ac00000, 0x000000070ac00000| Untracked 
|  73|0x000000070ae00000, 0x000000070ae00000, 0x000000070b000000|  0%| F|  |TAMS 0x000000070ae00000, 0x000000070ae00000| Untracked 
|  74|0x000000070b000000, 0x000000070b000000, 0x000000070b200000|  0%| F|  |TAMS 0x000000070b000000, 0x000000070b000000| Untracked 
|  75|0x000000070b200000, 0x000000070b200000, 0x000000070b400000|  0%| F|  |TAMS 0x000000070b200000, 0x000000070b200000| Untracked 
|  76|0x000000070b400000, 0x000000070b400000, 0x000000070b600000|  0%| F|  |TAMS 0x000000070b400000, 0x000000070b400000| Untracked 
|  77|0x000000070b600000, 0x000000070b600000, 0x000000070b800000|  0%| F|  |TAMS 0x000000070b600000, 0x000000070b600000| Untracked 
|  78|0x000000070b800000, 0x000000070b800000, 0x000000070ba00000|  0%| F|  |TAMS 0x000000070b800000, 0x000000070b800000| Untracked 
|  79|0x000000070ba00000, 0x000000070ba00000, 0x000000070bc00000|  0%| F|  |TAMS 0x000000070ba00000, 0x000000070ba00000| Untracked 
|  80|0x000000070bc00000, 0x000000070bc00000, 0x000000070be00000|  0%| F|  |TAMS 0x000000070bc00000, 0x000000070bc00000| Untracked 
|  81|0x000000070be00000, 0x000000070be00000, 0x000000070c000000|  0%| F|  |TAMS 0x000000070be00000, 0x000000070be00000| Untracked 
|  82|0x000000070c000000, 0x000000070c000000, 0x000000070c200000|  0%| F|  |TAMS 0x000000070c000000, 0x000000070c000000| Untracked 
|  83|0x000000070c200000, 0x000000070c200000, 0x000000070c400000|  0%| F|  |TAMS 0x000000070c200000, 0x000000070c200000| Untracked 
|  84|0x000000070c400000, 0x000000070c400000, 0x000000070c600000|  0%| F|  |TAMS 0x000000070c400000, 0x000000070c400000| Untracked 
|  85|0x000000070c600000, 0x000000070c600000, 0x000000070c800000|  0%| F|  |TAMS 0x000000070c600000, 0x000000070c600000| Untracked 
|  86|0x000000070c800000, 0x000000070c800000, 0x000000070ca00000|  0%| F|  |TAMS 0x000000070c800000, 0x000000070c800000| Untracked 
|  87|0x000000070ca00000, 0x000000070ca00000, 0x000000070cc00000|  0%| F|  |TAMS 0x000000070ca00000, 0x000000070ca00000| Untracked 
|  88|0x000000070cc00000, 0x000000070cc00000, 0x000000070ce00000|  0%| F|  |TAMS 0x000000070cc00000, 0x000000070cc00000| Untracked 
|  89|0x000000070ce00000, 0x000000070ce00000, 0x000000070d000000|  0%| F|  |TAMS 0x000000070ce00000, 0x000000070ce00000| Untracked 
|  90|0x000000070d000000, 0x000000070d000000, 0x000000070d200000|  0%| F|  |TAMS 0x000000070d000000, 0x000000070d000000| Untracked 
|  91|0x000000070d200000, 0x000000070d200000, 0x000000070d400000|  0%| F|  |TAMS 0x000000070d200000, 0x000000070d200000| Untracked 
|  92|0x000000070d400000, 0x000000070d400000, 0x000000070d600000|  0%| F|  |TAMS 0x000000070d400000, 0x000000070d400000| Untracked 
|  93|0x000000070d600000, 0x000000070d600000, 0x000000070d800000|  0%| F|  |TAMS 0x000000070d600000, 0x000000070d600000| Untracked 
|  94|0x000000070d800000, 0x000000070d800000, 0x000000070da00000|  0%| F|  |TAMS 0x000000070d800000, 0x000000070d800000| Untracked 
|  95|0x000000070da00000, 0x000000070da00000, 0x000000070dc00000|  0%| F|  |TAMS 0x000000070da00000, 0x000000070da00000| Untracked 
|  96|0x000000070dc00000, 0x000000070dc00000, 0x000000070de00000|  0%| F|  |TAMS 0x000000070dc00000, 0x000000070dc00000| Untracked 
|  97|0x000000070de00000, 0x000000070de00000, 0x000000070e000000|  0%| F|  |TAMS 0x000000070de00000, 0x000000070de00000| Untracked 
|  98|0x000000070e000000, 0x000000070e000000, 0x000000070e200000|  0%| F|  |TAMS 0x000000070e000000, 0x000000070e000000| Untracked 
|  99|0x000000070e200000, 0x000000070e200000, 0x000000070e400000|  0%| F|  |TAMS 0x000000070e200000, 0x000000070e200000| Untracked 
| 100|0x000000070e400000, 0x000000070e400000, 0x000000070e600000|  0%| F|  |TAMS 0x000000070e400000, 0x000000070e400000| Untracked 
| 101|0x000000070e600000, 0x000000070e600000, 0x000000070e800000|  0%| F|  |TAMS 0x000000070e600000, 0x000000070e600000| Untracked 
| 102|0x000000070e800000, 0x000000070e800000, 0x000000070ea00000|  0%| F|  |TAMS 0x000000070e800000, 0x000000070e800000| Untracked 
| 103|0x000000070ea00000, 0x000000070ea00000, 0x000000070ec00000|  0%| F|  |TAMS 0x000000070ea00000, 0x000000070ea00000| Untracked 
| 104|0x000000070ec00000, 0x000000070ec00000, 0x000000070ee00000|  0%| F|  |TAMS 0x000000070ec00000, 0x000000070ec00000| Untracked 
| 105|0x000000070ee00000, 0x000000070ee00000, 0x000000070f000000|  0%| F|  |TAMS 0x000000070ee00000, 0x000000070ee00000| Untracked 
| 106|0x000000070f000000, 0x000000070f000000, 0x000000070f200000|  0%| F|  |TAMS 0x000000070f000000, 0x000000070f000000| Untracked 
| 107|0x000000070f200000, 0x000000070f200000, 0x000000070f400000|  0%| F|  |TAMS 0x000000070f200000, 0x000000070f200000| Untracked 
| 108|0x000000070f400000, 0x000000070f400000, 0x000000070f600000|  0%| F|  |TAMS 0x000000070f400000, 0x000000070f400000| Untracked 
| 109|0x000000070f600000, 0x000000070f63e538, 0x000000070f800000| 12%| S|CS|TAMS 0x000000070f600000, 0x000000070f600000| Complete 
| 110|0x000000070f800000, 0x000000070fa00000, 0x000000070fa00000|100%| S|CS|TAMS 0x000000070f800000, 0x000000070f800000| Complete 
| 111|0x000000070fa00000, 0x000000070fb00800, 0x000000070fc00000| 50%| E|  |TAMS 0x000000070fa00000, 0x000000070fa00000| Complete 
| 112|0x000000070fc00000, 0x000000070fe00000, 0x000000070fe00000|100%| E|CS|TAMS 0x000000070fc00000, 0x000000070fc00000| Complete 
| 113|0x000000070fe00000, 0x0000000710000000, 0x0000000710000000|100%| E|CS|TAMS 0x000000070fe00000, 0x000000070fe00000| Complete 
| 114|0x0000000710000000, 0x0000000710200000, 0x0000000710200000|100%| E|CS|TAMS 0x0000000710000000, 0x0000000710000000| Complete 
| 115|0x0000000710200000, 0x0000000710400000, 0x0000000710400000|100%| E|CS|TAMS 0x0000000710200000, 0x0000000710200000| Complete 
| 116|0x0000000710400000, 0x0000000710600000, 0x0000000710600000|100%| E|CS|TAMS 0x0000000710400000, 0x0000000710400000| Complete 
| 117|0x0000000710600000, 0x0000000710800000, 0x0000000710800000|100%| E|CS|TAMS 0x0000000710600000, 0x0000000710600000| Complete 
| 118|0x0000000710800000, 0x0000000710a00000, 0x0000000710a00000|100%| E|CS|TAMS 0x0000000710800000, 0x0000000710800000| Complete 
| 119|0x0000000710a00000, 0x0000000710c00000, 0x0000000710c00000|100%| E|CS|TAMS 0x0000000710a00000, 0x0000000710a00000| Complete 
| 120|0x0000000710c00000, 0x0000000710e00000, 0x0000000710e00000|100%| E|CS|TAMS 0x0000000710c00000, 0x0000000710c00000| Complete 
| 121|0x0000000710e00000, 0x0000000711000000, 0x0000000711000000|100%| E|CS|TAMS 0x0000000710e00000, 0x0000000710e00000| Complete 
| 122|0x0000000711000000, 0x0000000711200000, 0x0000000711200000|100%| E|CS|TAMS 0x0000000711000000, 0x0000000711000000| Complete 
| 123|0x0000000711200000, 0x0000000711400000, 0x0000000711400000|100%| E|CS|TAMS 0x0000000711200000, 0x0000000711200000| Complete 
| 124|0x0000000711400000, 0x0000000711600000, 0x0000000711600000|100%| E|CS|TAMS 0x0000000711400000, 0x0000000711400000| Complete 
| 125|0x0000000711600000, 0x0000000711800000, 0x0000000711800000|100%| E|CS|TAMS 0x0000000711600000, 0x0000000711600000| Complete 
| 126|0x0000000711800000, 0x0000000711a00000, 0x0000000711a00000|100%| E|CS|TAMS 0x0000000711800000, 0x0000000711800000| Complete 
| 127|0x0000000711a00000, 0x0000000711c00000, 0x0000000711c00000|100%| E|CS|TAMS 0x0000000711a00000, 0x0000000711a00000| Complete 

Card table byte_map: [0x0000026176380000,0x0000026176b80000] _byte_map_base: 0x0000026172b72000

Marking Bits (Prev, Next): (CMBitMap*) 0x000002616e00c050, (CMBitMap*) 0x000002616e00c090
 Prev Bits: [0x0000026177380000, 0x000002617b310000)
 Next Bits: [0x000002617b310000, 0x000002617f2a0000)

Polling page: 0x000002616bf60000

Metaspace:

Usage:
  Non-class:     17.08 MB used.
      Class:      2.42 MB used.
       Both:     19.49 MB used.

Virtual space:
  Non-class space:       64.00 MB reserved,      17.25 MB ( 27%) committed,  1 nodes.
      Class space:        1.00 GB reserved,       2.56 MB ( <1%) committed,  1 nodes.
             Both:        1.06 GB reserved,      19.81 MB (  2%) committed. 

Chunk freelists:
   Non-Class:  13.84 MB
       Class:  13.44 MB
        Both:  27.28 MB

MaxMetaspaceSize: unlimited
CompressedClassSpaceSize: 1.00 GB
Initial GC threshold: 21.00 MB
Current GC threshold: 21.00 MB
CDS: on
MetaspaceReclaimPolicy: balanced
 - commit_granule_bytes: 65536.
 - commit_granule_words: 8192.
 - virtual_space_node_default_size: 8388608.
 - enlarge_chunks_in_place: 1.
 - new_chunks_are_fully_committed: 0.
 - uncommit_free_chunks: 1.
 - use_allocation_guard: 0.
 - handle_deallocations: 1.


Internal statistics:

num_allocs_failed_limit: 0.
num_arena_births: 380.
num_arena_deaths: 0.
num_vsnodes_births: 2.
num_vsnodes_deaths: 0.
num_space_committed: 317.
num_space_uncommitted: 0.
num_chunks_returned_to_freelist: 0.
num_chunks_taken_from_freelist: 1065.
num_chunk_merges: 0.
num_chunk_splits: 733.
num_chunks_enlarged: 546.
num_inconsistent_stats: 0.

CodeHeap 'non-profiled nmethods': size=120000Kb used=1128Kb max_used=1128Kb free=118871Kb
 bounds [0x0000026107ad0000, 0x0000026107d40000, 0x000002610f000000]
CodeHeap 'profiled nmethods': size=120000Kb used=5692Kb max_used=5692Kb free=114307Kb
 bounds [0x0000026100000000, 0x0000026100590000, 0x0000026107530000]
CodeHeap 'non-nmethods': size=5760Kb used=1205Kb max_used=1276Kb free=4554Kb
 bounds [0x0000026107530000, 0x00000261077a0000, 0x0000026107ad0000]
 total_blobs=3292 nmethods=2782 adapters=421
 compilation: enabled
              stopped_count=0, restarted_count=0
 full_count=0

Compilation events (20 events):
Event: 2.763 Thread 0x00000261560090f0 2718       3       org.springframework.asm.MethodVisitor::<init> (71 bytes)
Event: 2.764 Thread 0x0000026156009b90 2640       4       java.lang.invoke.Invokers$Holder::linkToTargetMethod (9 bytes)
Event: 2.764 Thread 0x00000261560090f0 nmethod 2718 0x000002610055cf10 code [0x000002610055d0e0, 0x000002610055d578]
Event: 2.765 Thread 0x0000026156009b90 nmethod 2640 0x0000026107be6f90 code [0x0000026107be7120, 0x0000026107be71f8]
Event: 2.765 Thread 0x0000026156009b90 2699       4       java.util.WeakHashMap::getTable (9 bytes)
Event: 2.766 Thread 0x00000261560090f0 2719       3       org.springframework.asm.Type::getReturnTypeOffset (64 bytes)
Event: 2.766 Thread 0x0000026156009b90 nmethod 2699 0x0000026107be7310 code [0x0000026107be74a0, 0x0000026107be7548]
Event: 2.766 Thread 0x0000026156009b90 2643       4       java.lang.ref.Cleaner$1::apply (9 bytes)
Event: 2.768 Thread 0x0000026156009b90 nmethod 2643 0x0000026107be7610 code [0x0000026107be7780, 0x0000026107be7838]
Event: 2.768 Thread 0x0000026156009b90 2702       4       jdk.internal.org.objectweb.asm.MethodWriter::visitEnd (1 bytes)
Event: 2.769 Thread 0x00000261560090f0 nmethod 2719 0x000002610055d710 code [0x000002610055da40, 0x000002610055ee38]
Event: 2.769 Thread 0x0000026156009b90 nmethod 2702 0x0000026107be7910 code [0x0000026107be7a80, 0x0000026107be7af8]
Event: 2.769 Thread 0x0000026156009b90 2645       4       java.lang.StringLatin1::charAt (28 bytes)
Event: 2.770 Thread 0x0000026156009b90 nmethod 2645 0x0000026107be7c10 code [0x0000026107be7d80, 0x0000026107be7e18]
Event: 2.771 Thread 0x00000261560090f0 2720       3       org.springframework.asm.MethodVisitor::<init> (7 bytes)
Event: 2.771 Thread 0x00000261560090f0 nmethod 2720 0x000002610055f590 code [0x000002610055f740, 0x000002610055f888]
Event: 2.772 Thread 0x00000261560090f0 2721       3       org.springframework.asm.Type::getReturnType (13 bytes)
Event: 2.772 Thread 0x00000261560090f0 nmethod 2721 0x000002610055f910 code [0x000002610055fae0, 0x000002610055fd58]
Event: 2.776 Thread 0x00000261560090f0 2722       3       org.springframework.asm.SymbolTable::get (13 bytes)
Event: 2.776 Thread 0x00000261560090f0 nmethod 2722 0x000002610055fe90 code [0x0000026100560020, 0x0000026100560178]

GC Heap History (4 events):
Event: 1.202 GC heap before
{Heap before GC invocations=0 (full 0):
 garbage-first heap   total 262144K, used 22528K [0x0000000701c00000, 0x0000000800000000)
  region size 2048K, 11 young (22528K), 0 survivors (0K)
 Metaspace       used 6674K, committed 6848K, reserved 1114112K
  class space    used 816K, committed 896K, reserved 1048576K
}
Event: 1.207 GC heap after
{Heap after GC invocations=1 (full 0):
 garbage-first heap   total 262144K, used 4378K [0x0000000701c00000, 0x0000000800000000)
  region size 2048K, 2 young (4096K), 2 survivors (4096K)
 Metaspace       used 6674K, committed 6848K, reserved 1114112K
  class space    used 816K, committed 896K, reserved 1048576K
}
Event: 1.773 GC heap before
{Heap before GC invocations=1 (full 0):
 garbage-first heap   total 262144K, used 33050K [0x0000000701c00000, 0x0000000800000000)
  region size 2048K, 17 young (34816K), 2 survivors (4096K)
 Metaspace       used 14573K, committed 14784K, reserved 1114112K
  class space    used 1805K, committed 1920K, reserved 1048576K
}
Event: 1.779 GC heap after
{Heap after GC invocations=2 (full 0):
 garbage-first heap   total 262144K, used 6662K [0x0000000701c00000, 0x0000000800000000)
  region size 2048K, 2 young (4096K), 2 survivors (4096K)
 Metaspace       used 14573K, committed 14784K, reserved 1114112K
  class space    used 1805K, committed 1920K, reserved 1048576K
}

Deoptimization events (20 events):
Event: 2.257 Thread 0x000002616dfa0fe0 Uncommon trap: trap_request=0xffffffde fr.pc=0x0000026107adffb8 relative=0x00000000000001b8
Event: 2.257 Thread 0x000002616dfa0fe0 Uncommon trap: reason=class_check action=maybe_recompile pc=0x0000026107adffb8 method=java.lang.String.equals(Ljava/lang/Object;)Z @ 8 c2
Event: 2.257 Thread 0x000002616dfa0fe0 DEOPT PACKING pc=0x0000026107adffb8 sp=0x000000a9df8fe840
Event: 2.257 Thread 0x000002616dfa0fe0 DEOPT UNPACKING pc=0x00000261075823a3 sp=0x000000a9df8fe7d8 mode 2
Event: 2.259 Thread 0x000002616dfa0fe0 Uncommon trap: trap_request=0xffffffde fr.pc=0x0000026107adffb8 relative=0x00000000000001b8
Event: 2.259 Thread 0x000002616dfa0fe0 Uncommon trap: reason=class_check action=maybe_recompile pc=0x0000026107adffb8 method=java.lang.String.equals(Ljava/lang/Object;)Z @ 8 c2
Event: 2.259 Thread 0x000002616dfa0fe0 DEOPT PACKING pc=0x0000026107adffb8 sp=0x000000a9df8fe4f0
Event: 2.259 Thread 0x000002616dfa0fe0 DEOPT UNPACKING pc=0x00000261075823a3 sp=0x000000a9df8fe488 mode 2
Event: 2.619 Thread 0x000002616dfa0fe0 Uncommon trap: trap_request=0xffffff45 fr.pc=0x0000026107ba875c relative=0x000000000000647c
Event: 2.619 Thread 0x000002616dfa0fe0 Uncommon trap: reason=unstable_if action=reinterpret pc=0x0000026107ba875c method=jdk.internal.org.objectweb.asm.SymbolTable.addType(Ljava/lang/String;)I @ 33 c2
Event: 2.619 Thread 0x000002616dfa0fe0 DEOPT PACKING pc=0x0000026107ba875c sp=0x000000a9df8fddb0
Event: 2.619 Thread 0x000002616dfa0fe0 DEOPT UNPACKING pc=0x00000261075823a3 sp=0x000000a9df8fdcd8 mode 2
Event: 2.689 Thread 0x000002616dfa0fe0 Uncommon trap: trap_request=0xffffff45 fr.pc=0x0000026107bc1ef0 relative=0x0000000000000250
Event: 2.689 Thread 0x000002616dfa0fe0 Uncommon trap: reason=unstable_if action=reinterpret pc=0x0000026107bc1ef0 method=jdk.internal.org.objectweb.asm.Frame.push(I)V @ 26 c2
Event: 2.689 Thread 0x000002616dfa0fe0 DEOPT PACKING pc=0x0000026107bc1ef0 sp=0x000000a9df8fcc70
Event: 2.689 Thread 0x000002616dfa0fe0 DEOPT UNPACKING pc=0x00000261075823a3 sp=0x000000a9df8fcc18 mode 2
Event: 2.745 Thread 0x000002616dfa0fe0 Uncommon trap: trap_request=0xffffff45 fr.pc=0x0000026107b29870 relative=0x00000000000000f0
Event: 2.745 Thread 0x000002616dfa0fe0 Uncommon trap: reason=unstable_if action=reinterpret pc=0x0000026107b29870 method=jdk.internal.org.objectweb.asm.ByteVector.putShort(I)Ljdk/internal/org/objectweb/asm/ByteVector; @ 13 c2
Event: 2.745 Thread 0x000002616dfa0fe0 DEOPT PACKING pc=0x0000026107b29870 sp=0x000000a9df8fc330
Event: 2.745 Thread 0x000002616dfa0fe0 DEOPT UNPACKING pc=0x00000261075823a3 sp=0x000000a9df8fc2b8 mode 2

Classes unloaded (0 events):
No events

Classes redefined (0 events):
No events

Internal exceptions (20 events):
Event: 2.680 Thread 0x000002616dfa0fe0 Exception <a 'java/lang/NoSuchMethodError'{0x000000070fe5d710}: 'java.lang.Object java.lang.invoke.DirectMethodHandle$Holder.invokeStatic(java.lang.Object, java.lang.Object, int)'> (0x000000070fe5d710) 
thrown [s\open\src\hotspot\share\interpreter\linkResolver.cpp, line 759]
Event: 2.683 Thread 0x000002616dfa0fe0 Exception <a 'java/lang/NoSuchMethodError'{0x000000070fe70670}: 'void java.lang.invoke.DelegatingMethodHandle$Holder.delegate(java.lang.Object, java.lang.Object, int, java.lang.Object)'> (0x000000070fe70670) 
thrown [s\open\src\hotspot\share\interpreter\linkResolver.cpp, line 759]
Event: 2.685 Thread 0x000002616dfa0fe0 Exception <a 'java/lang/NoSuchMethodError'{0x000000070fe78bc8}: 'java.lang.Object java.lang.invoke.DirectMethodHandle$Holder.invokeSpecial(java.lang.Object, java.lang.Object, java.lang.Object, java.lang.Object, java.lang.Object, java.lang.Object, java.lang.Object, java.lang.Object, java.lang.Object)'> (0x000000070fe78bc8) 
thrown [s\open\src\hotspot\share\interpreter\linkResolver.cpp, line 759]
Event: 2.689 Thread 0x000002616dfa0fe0 Exception <a 'java/lang/NoSuchMethodError'{0x000000070fe9ef18}: 'java.lang.Object java.lang.invoke.DirectMethodHandle$Holder.invokeSpecial(java.lang.Object, java.lang.Object, java.lang.Object, java.lang.Object, java.lang.Object, java.lang.Object, java.lang.Object, java.lang.Object, java.lang.Object, java.lang.Object, java.lang.Object, java.lang.Object, java.lang.Object, java.lang.Object)'> (0x000000070fe9ef18) 
thrown [s\open\src\hotspot\share\interpreter\linkResolver.cpp, line 759]
Event: 2.690 Thread 0x000002616dfa0fe0 Exception <a 'java/lang/NoSuchMethodError'{0x000000070fea3be8}: 'java.lang.Object java.lang.invoke.Invokers$Holder.invoker(java.lang.Object, java.lang.Object, java.lang.Object, java.lang.Object, java.lang.Object, java.lang.Object, java.lang.Object, java.lang.Object, java.lang.Object, java.lang.Object, java.lang.Object, java.lang.Object, java.lang.Object, java.lang.Object)'> (0x000000070fea3be8) 
thrown [s\open\src\hotspot\share\interpreter\linkResolver.cpp, line 759]
Event: 2.690 Thread 0x000002616dfa0fe0 Exception <a 'java/lang/NoSuchMethodError'{0x000000070fea98d8}: 'java.lang.Object java.lang.invoke.DirectMethodHandle$Holder.invokeSpecial(java.lang.Object, java.lang.Object, java.lang.Object, java.lang.Object, java.lang.Object, java.lang.Object, java.lang.Object, java.lang.Object, java.lang.Object, java.lang.Object, java.lang.Object, java.lang.Object, java.lang.Object, java.lang.Object, java.lang.Object)'> (0x000000070fea98d8) 
thrown [s\open\src\hotspot\share\interpreter\linkResolver.cpp, line 759]
Event: 2.694 Thread 0x000002616dfa0fe0 Exception <a 'java/lang/NoSuchMethodError'{0x000000070febc900}: 'int java.lang.invoke.DirectMethodHandle$Holder.invokeVirtual(java.lang.Object, java.lang.Object, java.lang.Object)'> (0x000000070febc900) 
thrown [s\open\src\hotspot\share\interpreter\linkResolver.cpp, line 759]
Event: 2.694 Thread 0x000002616dfa0fe0 Exception <a 'java/lang/NoSuchMethodError'{0x000000070fec01b8}: 'int java.lang.invoke.DirectMethodHandle$Holder.invokeVirtual(java.lang.Object, java.lang.Object)'> (0x000000070fec01b8) 
thrown [s\open\src\hotspot\share\interpreter\linkResolver.cpp, line 759]
Event: 2.695 Thread 0x000002616dfa0fe0 Exception <a 'java/lang/NoSuchMethodError'{0x000000070fec43b8}: 'int java.lang.invoke.DirectMethodHandle$Holder.invokeStaticInit(java.lang.Object, int, int)'> (0x000000070fec43b8) 
thrown [s\open\src\hotspot\share\interpreter\linkResolver.cpp, line 759]
Event: 2.696 Thread 0x000002616dfa0fe0 Exception <a 'java/lang/NoSuchMethodError'{0x000000070fecbca0}: 'int java.lang.invoke.DirectMethodHandle$Holder.invokeStaticInit(java.lang.Object, long, long)'> (0x000000070fecbca0) 
thrown [s\open\src\hotspot\share\interpreter\linkResolver.cpp, line 759]
Event: 2.698 Thread 0x000002616dfa0fe0 Exception <a 'java/lang/NoSuchMethodError'{0x000000070fed2af0}: 'int java.lang.invoke.DirectMethodHandle$Holder.invokeStaticInit(java.lang.Object, float, float)'> (0x000000070fed2af0) 
thrown [s\open\src\hotspot\share\interpreter\linkResolver.cpp, line 759]
Event: 2.699 Thread 0x000002616dfa0fe0 Exception <a 'java/lang/NoSuchMethodError'{0x000000070fed9948}: 'int java.lang.invoke.DirectMethodHandle$Holder.invokeStaticInit(java.lang.Object, double, double)'> (0x000000070fed9948) 
thrown [s\open\src\hotspot\share\interpreter\linkResolver.cpp, line 759]
Event: 2.700 Thread 0x000002616dfa0fe0 Exception <a 'java/lang/NoSuchMethodError'{0x000000070feddf18}: 'int java.lang.invoke.DirectMethodHandle$Holder.invokeStatic(java.lang.Object, long)'> (0x000000070feddf18) 
thrown [s\open\src\hotspot\share\interpreter\linkResolver.cpp, line 759]
Event: 2.707 Thread 0x000002616dfa0fe0 Exception <a 'java/lang/NoSuchMethodError'{0x000000070ff02fd8}: 'int java.lang.invoke.DirectMethodHandle$Holder.invokeSpecial(java.lang.Object, java.lang.Object, int)'> (0x000000070ff02fd8) 
thrown [s\open\src\hotspot\share\interpreter\linkResolver.cpp, line 759]
Event: 2.708 Thread 0x000002616dfa0fe0 Exception <a 'java/lang/NoSuchMethodError'{0x000000070ff0a938}: 'int java.lang.invoke.Invokers$Holder.linkToTargetMethod(java.lang.Object, java.lang.Object)'> (0x000000070ff0a938) 
thrown [s\open\src\hotspot\share\interpreter\linkResolver.cpp, line 759]
Event: 2.733 Thread 0x000002616dfa0fe0 Exception <a 'java/lang/NoSuchMethodError'{0x000000070ffb1d30}: 'java.lang.Object java.lang.invoke.DirectMethodHandle$Holder.invokeSpecial(java.lang.Object, java.lang.Object, java.lang.Object, java.lang.Object, java.lang.Object, java.lang.Object, java.lang.Object, java.lang.Object, java.lang.Object, java.lang.Object)'> (0x000000070ffb1d30) 
thrown [s\open\src\hotspot\share\interpreter\linkResolver.cpp, line 759]
Event: 2.733 Thread 0x000002616dfa0fe0 Exception <a 'java/lang/NoSuchMethodError'{0x000000070ffb6318}: 'java.lang.Object java.lang.invoke.Invokers$Holder.invoke_MT(java.lang.Object, java.lang.Object, java.lang.Object, java.lang.Object, java.lang.Object, java.lang.Object, java.lang.Object, java.lang.Object, java.lang.Object, java.lang.Object)'> (0x000000070ffb6318) 
thrown [s\open\src\hotspot\share\interpreter\linkResolver.cpp, line 759]
Event: 2.742 Thread 0x000002616dfa0fe0 Exception <a 'java/lang/NoSuchMethodError'{0x000000070fff4680}: 'java.lang.Object java.lang.invoke.DirectMethodHandle$Holder.invokeSpecial(java.lang.Object, java.lang.Object, int, java.lang.Object, java.lang.Object)'> (0x000000070fff4680) 
thrown [s\open\src\hotspot\share\interpreter\linkResolver.cpp, line 759]
Event: 2.742 Thread 0x000002616dfa0fe0 Exception <a 'java/lang/NoSuchMethodError'{0x000000070fff8328}: 'java.lang.Object java.lang.invoke.DelegatingMethodHandle$Holder.delegate(java.lang.Object, int, java.lang.Object, java.lang.Object)'> (0x000000070fff8328) 
thrown [s\open\src\hotspot\share\interpreter\linkResolver.cpp, line 759]
Event: 2.746 Thread 0x000002616dfa0fe0 Exception <a 'java/lang/NoSuchMethodError'{0x000000070fc098a0}: 'int java.lang.invoke.Invokers$Holder.linkToTargetMethod(java.lang.Object, java.lang.Object, java.lang.Object)'> (0x000000070fc098a0) 
thrown [s\open\src\hotspot\share\interpreter\linkResolver.cpp, line 759]

VM Operations (20 events):
Event: 1.632 Executing VM operation: HandshakeAllThreads
Event: 1.632 Executing VM operation: HandshakeAllThreads done
Event: 1.667 Executing VM operation: ICBufferFull
Event: 1.667 Executing VM operation: ICBufferFull done
Event: 1.713 Executing VM operation: HandshakeAllThreads
Event: 1.713 Executing VM operation: HandshakeAllThreads done
Event: 1.773 Executing VM operation: G1CollectForAllocation
Event: 1.779 Executing VM operation: G1CollectForAllocation done
Event: 1.854 Executing VM operation: HandshakeAllThreads
Event: 1.854 Executing VM operation: HandshakeAllThreads done
Event: 1.889 Executing VM operation: HandshakeAllThreads
Event: 1.889 Executing VM operation: HandshakeAllThreads done
Event: 2.181 Executing VM operation: ICBufferFull
Event: 2.181 Executing VM operation: ICBufferFull done
Event: 2.523 Executing VM operation: ICBufferFull
Event: 2.523 Executing VM operation: ICBufferFull done
Event: 2.680 Executing VM operation: HandshakeAllThreads
Event: 2.680 Executing VM operation: HandshakeAllThreads done
Event: 2.718 Executing VM operation: HandshakeAllThreads
Event: 2.718 Executing VM operation: HandshakeAllThreads done

Events (20 events):
Event: 2.708 loading class java/util/concurrent/FutureTask
Event: 2.709 loading class java/util/concurrent/RunnableFuture
Event: 2.709 loading class java/util/concurrent/RunnableFuture done
Event: 2.709 loading class java/util/concurrent/FutureTask done
Event: 2.709 loading class java/util/concurrent/FutureTask$WaitNode
Event: 2.709 loading class java/util/concurrent/FutureTask$WaitNode done
Event: 2.741 loading class java/util/AbstractList$RandomAccessSubList
Event: 2.741 loading class java/util/AbstractList$SubList
Event: 2.741 loading class java/util/AbstractList$SubList done
Event: 2.741 loading class java/util/AbstractList$RandomAccessSubList done
Event: 2.741 loading class java/util/AbstractList$ListItr
Event: 2.741 loading class java/util/AbstractList$ListItr done
Event: 2.741 loading class java/util/AbstractList$SubList$1
Event: 2.741 loading class java/util/AbstractList$SubList$1 done
Event: 2.743 loading class java/lang/invoke/MethodHandleImpl$CountingWrapper
Event: 2.743 loading class java/lang/invoke/MethodHandleImpl$CountingWrapper done
Event: 2.773 loading class java/util/DualPivotQuicksort
Event: 2.773 loading class java/util/DualPivotQuicksort done
Event: 2.774 loading class java/util/LinkedList$ListItr
Event: 2.774 loading class java/util/LinkedList$ListItr done


Dynamic libraries:
0x00007ff715030000 - 0x00007ff715040000 	D:\jdk17\bin\java.exe
0x00007ffc18990000 - 0x00007ffc18b88000 	C:\Windows\SYSTEM32\ntdll.dll
0x00007ffc178f0000 - 0x00007ffc179b1000 	C:\Windows\System32\KERNEL32.DLL
0x00007ffc16620000 - 0x00007ffc1691d000 	C:\Windows\System32\KERNELBASE.dll
0x00007ffc16040000 - 0x00007ffc16140000 	C:\Windows\System32\ucrtbase.dll
0x00007ffc01d40000 - 0x00007ffc01d5e000 	C:\Windows\SYSTEM32\VCRUNTIME140.dll
0x00007ffbfbcb0000 - 0x00007ffbfbcc9000 	D:\jdk17\bin\jli.dll
0x00007ffc18480000 - 0x00007ffc18530000 	C:\Windows\System32\ADVAPI32.dll
0x00007ffc17e10000 - 0x00007ffc17eae000 	C:\Windows\System32\msvcrt.dll
0x00007ffc18850000 - 0x00007ffc188f0000 	C:\Windows\System32\sechost.dll
0x00007ffc18720000 - 0x00007ffc18843000 	C:\Windows\System32\RPCRT4.dll
0x00007ffc162c0000 - 0x00007ffc162e7000 	C:\Windows\System32\bcrypt.dll
0x00007ffc17af0000 - 0x00007ffc17c8d000 	C:\Windows\System32\USER32.dll
0x00007ffc029d0000 - 0x00007ffc02c6a000 	C:\Windows\WinSxS\amd64_microsoft.windows.common-controls_6595b64144ccf1df_6.0.19041.4355_none_60b8b9eb71f62e16\COMCTL32.dll
0x00007ffc16290000 - 0x00007ffc162b2000 	C:\Windows\System32\win32u.dll
0x00007ffc17fb0000 - 0x00007ffc17fdb000 	C:\Windows\System32\GDI32.dll
0x00007ffc16500000 - 0x00007ffc16617000 	C:\Windows\System32\gdi32full.dll
0x00007ffc16920000 - 0x00007ffc169bd000 	C:\Windows\System32\msvcp_win.dll
0x00007ffc0ea40000 - 0x00007ffc0ea4a000 	C:\Windows\SYSTEM32\VERSION.dll
0x00007ffc18530000 - 0x00007ffc1855f000 	C:\Windows\System32\IMM32.DLL
0x00007ffbfb3d0000 - 0x00007ffbfb3eb000 	D:\jdk17\bin\vcruntime140.dll
0x00007ffc02e70000 - 0x00007ffc02e7c000 	D:\jdk17\bin\vcruntime140_1.dll
0x00007ffbe32f0000 - 0x00007ffbe337e000 	D:\jdk17\bin\msvcp140.dll
0x00007ffb96360000 - 0x00007ffb96f3f000 	D:\jdk17\bin\server\jvm.dll
0x00007ffc18710000 - 0x00007ffc18718000 	C:\Windows\System32\PSAPI.DLL
0x00007ffc12750000 - 0x00007ffc12759000 	C:\Windows\SYSTEM32\WSOCK32.dll
0x00007ffc18560000 - 0x00007ffc185cb000 	C:\Windows\System32\WS2_32.dll
0x00007ffc0cb60000 - 0x00007ffc0cb87000 	C:\Windows\SYSTEM32\WINMM.dll
0x00007ffc13ec0000 - 0x00007ffc13ed2000 	C:\Windows\SYSTEM32\kernel.appcore.dll
0x00007ffc003c0000 - 0x00007ffc003ca000 	D:\jdk17\bin\jimage.dll
0x00007ffc0c8b0000 - 0x00007ffc0ca94000 	C:\Windows\SYSTEM32\DBGHELP.DLL
0x00007ffbfa680000 - 0x00007ffbfa6b4000 	C:\Windows\SYSTEM32\dbgcore.DLL
0x00007ffc161b0000 - 0x00007ffc16232000 	C:\Windows\System32\bcryptPrimitives.dll
0x00007ffc10920000 - 0x00007ffc1092e000 	D:\jdk17\bin\instrument.dll
0x00007ffbf3c80000 - 0x00007ffbf3ca5000 	D:\jdk17\bin\java.dll
0x00007ffbdf9a0000 - 0x00007ffbdfa77000 	D:\jdk17\bin\jsvml.dll
0x00007ffc170b0000 - 0x00007ffc1781f000 	C:\Windows\System32\SHELL32.dll
0x00007ffc140c0000 - 0x00007ffc1485f000 	C:\Windows\SYSTEM32\windows.storage.dll
0x00007ffc18120000 - 0x00007ffc18473000 	C:\Windows\System32\combase.dll
0x00007ffc15a60000 - 0x00007ffc15a8e000 	C:\Windows\SYSTEM32\Wldp.dll
0x00007ffc17820000 - 0x00007ffc178ed000 	C:\Windows\System32\OLEAUT32.dll
0x00007ffc16fe0000 - 0x00007ffc1708d000 	C:\Windows\System32\SHCORE.dll
0x00007ffc17c90000 - 0x00007ffc17ce5000 	C:\Windows\System32\shlwapi.dll
0x00007ffc15f70000 - 0x00007ffc15f94000 	C:\Windows\SYSTEM32\profapi.dll
0x00007ffbf14b0000 - 0x00007ffbf14c8000 	D:\jdk17\bin\zip.dll
0x00007ffc0ce30000 - 0x00007ffc0ce49000 	D:\jdk17\bin\net.dll
0x00007ffc10810000 - 0x00007ffc1091d000 	C:\Windows\SYSTEM32\WINHTTP.dll
0x00007ffc157c0000 - 0x00007ffc1582a000 	C:\Windows\system32\mswsock.dll
0x00007ffc0ce10000 - 0x00007ffc0ce26000 	D:\jdk17\bin\nio.dll
0x00007ffc0f0c0000 - 0x00007ffc0f0da000 	F:\IntelliJ IDEA Community Edition 2024.1.3\bin\breakgen64.dll
0x00007ffc12850000 - 0x00007ffc1285e000 	D:\jdk17\bin\sunmscapi.dll
0x00007ffc163a0000 - 0x00007ffc164fe000 	C:\Windows\System32\CRYPT32.dll
0x00007ffc15ad0000 - 0x00007ffc15af9000 	C:\Windows\SYSTEM32\ncrypt.dll
0x00007ffc15a90000 - 0x00007ffc15acb000 	C:\Windows\SYSTEM32\NTASN1.dll

dbghelp: loaded successfully - version: 4.0.5 - missing functions: none
symbol engine: initialized successfully - sym options: 0x614 - pdb path: .;D:\jdk17\bin;C:\Windows\SYSTEM32;C:\Windows\WinSxS\amd64_microsoft.windows.common-controls_6595b64144ccf1df_6.0.19041.4355_none_60b8b9eb71f62e16;D:\jdk17\bin\server;F:\IntelliJ IDEA Community Edition 2024.1.3\bin

VM Arguments:
jvm_args: -javaagent:F:\IntelliJ IDEA Community Edition 2024.1.3\lib\idea_rt.jar=54088:F:\IntelliJ IDEA Community Edition 2024.1.3\bin -Dfile.encoding=UTF-8 
java_command: com.example.newsdeliverer.NewsdelivererApplication
java_class_path (initial): F:\newsdeliverer\target\classes;C:\Users\48698\.m2\repository\org\springframework\boot\spring-boot-starter-web\3.3.3\spring-boot-starter-web-3.3.3.jar;C:\Users\48698\.m2\repository\org\springframework\boot\spring-boot-starter\3.3.3\spring-boot-starter-3.3.3.jar;C:\Users\48698\.m2\repository\org\springframework\boot\spring-boot\3.3.3\spring-boot-3.3.3.jar;C:\Users\48698\.m2\repository\org\springframework\boot\spring-boot-autoconfigure\3.3.3\spring-boot-autoconfigure-3.3.3.jar;C:\Users\48698\.m2\repository\org\springframework\boot\spring-boot-starter-logging\3.3.3\spring-boot-starter-logging-3.3.3.jar;C:\Users\48698\.m2\repository\ch\qos\logback\logback-classic\1.5.7\logback-classic-1.5.7.jar;C:\Users\48698\.m2\repository\ch\qos\logback\logback-core\1.5.7\logback-core-1.5.7.jar;C:\Users\48698\.m2\repository\org\apache\logging\log4j\log4j-to-slf4j\2.23.1\log4j-to-slf4j-2.23.1.jar;C:\Users\48698\.m2\repository\org\apache\logging\log4j\log4j-api\2.23.1\log4j-api-2.23.1.jar;C:\Users\48698\.m2\repository\org\slf4j\jul-to-slf4j\2.0.16\jul-to-slf4j-2.0.16.jar;C:\Users\48698\.m2\repository\jakarta\annotation\jakarta.annotation-api\2.1.1\jakarta.annotation-api-2.1.1.jar;C:\Users\48698\.m2\repository\org\yaml\snakeyaml\2.2\snakeyaml-2.2.jar;C:\Users\48698\.m2\repository\org\springframework\boot\spring-boot-starter-json\3.3.3\spring-boot-starter-json-3.3.3.jar;C:\Users\48698\.m2\repository\com\fasterxml\jackson\datatype\jackson-datatype-jdk8\2.17.2\jackson-datatype-jdk8-2.17.2.jar;C:\Users\48698\.m2\repository\com\fasterxml\jackson\datatype\jackson-datatype-jsr310\2.17.2\jackson-datatype-jsr310-2.17.2.jar;C:\Users\48698\.m2\repository\com\fasterxml\jackson\module\jackson-module-parameter-names\2.17.2\jackson-module-parameter-names-2.17.2.jar;C:\Users\48698\.m2\repository\org\springframework\boot\spring-boot-starter-tomcat\3.3.3\spring-boot-starter-tomcat-3.3.3.jar;C:\Users\48698\.m2\repository\org\apache\tomcat\embed\tomcat-embed-core\10.1.28\tomcat-
Launcher Type: SUN_STANDARD

[Global flags]
     intx CICompilerCount                          = 4                                         {product} {ergonomic}
     uint ConcGCThreads                            = 2                                         {product} {ergonomic}
     uint G1ConcRefinementThreads                  = 8                                         {product} {ergonomic}
   size_t G1HeapRegionSize                         = 2097152                                   {product} {ergonomic}
    uintx GCDrainStackTargetSize                   = 64                                        {product} {ergonomic}
   size_t InitialHeapSize                          = 268435456                                 {product} {ergonomic}
   size_t MarkStackSize                            = 4194304                                   {product} {ergonomic}
   size_t MaxHeapSize                              = 4265607168                                {product} {ergonomic}
   size_t MaxNewSize                               = 2558525440                                {product} {ergonomic}
   size_t MinHeapDeltaBytes                        = 2097152                                   {product} {ergonomic}
   size_t MinHeapSize                              = 8388608                                   {product} {ergonomic}
    uintx NonNMethodCodeHeapSize                   = 5839372                                {pd product} {ergonomic}
    uintx NonProfiledCodeHeapSize                  = 122909434                              {pd product} {ergonomic}
    uintx ProfiledCodeHeapSize                     = 122909434                              {pd product} {ergonomic}
    uintx ReservedCodeCacheSize                    = 251658240                              {pd product} {ergonomic}
     bool SegmentedCodeCache                       = true                                      {product} {ergonomic}
   size_t SoftMaxHeapSize                          = 4265607168                             {manageable} {ergonomic}
     bool UseCompressedClassPointers               = true                           {product lp64_product} {ergonomic}
     bool UseCompressedOops                        = true                           {product lp64_product} {ergonomic}
     bool UseG1GC                                  = true                                      {product} {ergonomic}
     bool UseLargePagesIndividualAllocation        = false                                  {pd product} {ergonomic}

Logging:
Log output configuration:
 #0: stdout all=warning uptime,level,tags
 #1: stderr all=off uptime,level,tags

Environment Variables:
JAVA_HOME=D:\jdk17
PATH=C:\Program Files\Common Files\Oracle\Java\javapath;C:\Windows\system32;C:\Windows;C:\Windows\System32\Wbem;C:\Windows\System32\WindowsPowerShell\v1.0\;C:\Windows\System32\OpenSSH\;C:\Program Files\NVIDIA Corporation\NVIDIA NvDLISR;C:\Program Files\Git\cmd;C:\Program Files\dotnet\;C:\Program Files (x86)\NVIDIA Corporation\PhysX\Common;D:\apache-maven-3.9.9\bin;D:\jdk17\bin;F:\nodejs\;C:\Users\48698\AppData\Local\Microsoft\WindowsApps;F:\IntelliJ IDEA 2024.1.3\bin;;F:\IntelliJ IDEA Community Edition 2024.1.3\bin;;C:\Users\48698\AppData\Roaming\npm;D:\Microsoft VS Code\bin
USERNAME=48698
OS=Windows_NT
PROCESSOR_IDENTIFIER=Intel64 Family 6 Model 158 Stepping 9, GenuineIntel



---------------  S Y S T E M  ---------------

OS:
 Windows 10 , 64 bit Build 19041 (10.0.19041.4717)
OS uptime: 30 days 23:01 hours

CPU: total 8 (initial active 8) (4 cores per cpu, 2 threads per core) family 6 model 158 stepping 9 microcode 0xb4, cx8, cmov, fxsr, ht, mmx, 3dnowpref, sse, sse2, sse3, ssse3, sse4.1, sse4.2, popcnt, lzcnt, tsc, tscinvbit, avx, avx2, aes, erms, clmul, bmi1, bmi2, adx, fma, vzeroupper, clflush, clflushopt

Memory: 4k page, system-wide physical 16267M (3391M free)
TotalPageFile size 20267M (AvailPageFile size 5M)
current process WorkingSet (physical memory assigned to process): 142M, peak: 142M
current process commit charge ("private bytes"): 405M, peak: 405M

vm_info: Java HotSpot(TM) 64-Bit Server VM (17.0.10+11-LTS-240) for windows-amd64 JRE (17.0.10+11-LTS-240), built on Dec 19 2023 21:47:25 by "mach5one" with MS VC++ 17.1 (VS2022)

END.
