#
# There is insufficient memory for the Java Runtime Environment to continue.
# Native memory allocation (mmap) failed to map 268435456 bytes for G1 virtual space
# Possible reasons:
#   The system is out of physical RAM or swap space
#   The process is running with CompressedOops enabled, and the Java Heap may be blocking the growth of the native heap
# Possible solutions:
#   Reduce memory load on the system
#   Increase physical memory or swap space
#   Check if swap backing store is full
#   Decrease Java heap size (-Xmx/-Xms)
#   Decrease number of Java threads
#   Decrease Java thread stack sizes (-Xss)
#   Set larger code cache with -XX:ReservedCodeCacheSize=
#   JVM is running with Zero Based Compressed Oops mode in which the Java heap is
#     placed in the first 32GB address space. The Java Heap base address is the
#     maximum limit for the native heap growth. Please use -XX:HeapBaseMinAddress
#     to set the Java Heap base and to place the Java Heap above 32GB virtual address.
# This output file may be truncated or incomplete.
#
#  Out of Memory Error (os_windows.cpp:3548), pid=24060, tid=26236
#
# JRE version:  (17.0.10+11) (build )
# Java VM: Java HotSpot(TM) 64-Bit Server VM (17.0.10+11-LTS-240, mixed mode, sharing, tiered, compressed oops, compressed class ptrs, g1 gc, windows-amd64)
# No core dump will be written. Minidumps are not enabled by default on client versions of Windows
#

---------------  S U M M A R Y ------------

Command Line: -Dnet.bytebuddy.agent.attacher.dump= net.bytebuddy.agent.Attacher com.sun.tools.attach.VirtualMachine 328 C:\Users\48698\.m2\repository\net\bytebuddy\byte-buddy-agent\1.14.19\byte-buddy-agent-1.14.19.jar false 

Host: Intel(R) Core(TM) i7-7700HQ CPU @ 2.80GHz, 8 cores, 15G,  Windows 10 , 64 bit Build 19041 (10.0.19041.4717)
Time: Fri Sep 20 15:11:47 2024 FLE Standard Time elapsed time: 0.009620 seconds (0d 0h 0m 0s)

---------------  T H R E A D  ---------------

Current thread (0x0000024843216aa0):  JavaThread "Unknown thread" [_thread_in_vm, id=26236, stack(0x00000092f9600000,0x00000092f9700000)]

Stack: [0x00000092f9600000,0x00000092f9700000]
Native frames: (J=compiled Java code, j=interpreted, Vv=VM code, C=native code)
V  [jvm.dll+0x677a5a]
V  [jvm.dll+0x7d8b2d]
V  [jvm.dll+0x7da48e]
V  [jvm.dll+0x7daaf3]
V  [jvm.dll+0x2455ff]
V  [jvm.dll+0x6749b9]
V  [jvm.dll+0x669382]
V  [jvm.dll+0x302e96]
V  [jvm.dll+0x30a416]
V  [jvm.dll+0x359cbe]
V  [jvm.dll+0x359eef]
V  [jvm.dll+0x2d9e88]
V  [jvm.dll+0x2dadf4]
V  [jvm.dll+0x7aa551]
V  [jvm.dll+0x367911]
V  [jvm.dll+0x789639]
V  [jvm.dll+0x3eb30f]
V  [jvm.dll+0x3ecd91]
C  [jli.dll+0x5297]
C  [ucrtbase.dll+0x21bb2]
C  [KERNEL32.DLL+0x17374]
C  [ntdll.dll+0x4cc91]


---------------  P R O C E S S  ---------------

Threads class SMR info:
_java_thread_list=0x00007ffb96e16a18, length=0, elements={
}

Java Threads: ( => current thread )

Other Threads:
  0x0000024843282090 GCTaskThread "GC Thread#0" [stack: 0x00000092f9700000,0x00000092f9800000] [id=12432]
  0x0000024843292e20 ConcurrentGCThread "G1 Main Marker" [stack: 0x00000092f9800000,0x00000092f9900000] [id=14560]
  0x0000024843293830 ConcurrentGCThread "G1 Conc#0" [stack: 0x00000092f9900000,0x00000092f9a00000] [id=8808]

[error occurred during error reporting (printing all threads), id 0xc0000005, EXCEPTION_ACCESS_VIOLATION (0xc0000005) at pc=0x00007ffb9664aae7]

VM state: not at safepoint (not fully initialized)

VM Mutex/Monitor currently owned by a thread:  ([mutex/lock_event])
[0x0000024843211dc0] Heap_lock - owner thread: 0x0000024843216aa0

Heap address: 0x0000000701c00000, size: 4068 MB, Compressed Oops mode: Zero based, Oop shift amount: 3

CDS archive(s) mapped at: [0x0000000000000000-0x0000000000000000-0x0000000000000000), size 0, SharedBaseAddress: 0x0000000800000000, ArchiveRelocationMode: 1.
Narrow klass base: 0x0000000000000000, Narrow klass shift: 0, Narrow klass range: 0x0

GC Precious Log:
<Empty>

Heap:
 garbage-first heap   total 0K, used 0K [0x0000000701c00000, 0x0000000800000000)
  region size 2048K, 0 young (0K), 0 survivors (0K)

[error occurred during error reporting (printing heap information), id 0xc0000005, EXCEPTION_ACCESS_VIOLATION (0xc0000005) at pc=0x00007ffb96a31249]

GC Heap History (0 events):
No events

Deoptimization events (0 events):
No events

Classes unloaded (0 events):
No events

Classes redefined (0 events):
No events

Internal exceptions (0 events):
No events

VM Operations (0 events):
No events

Events (1 events):
Event: 0.006 Loaded shared library D:\jdk17\bin\java.dll


Dynamic libraries:
0x00007ff715030000 - 0x00007ff715040000 	D:\jdk17\bin\java.exe
0x00007ffc18990000 - 0x00007ffc18b88000 	C:\Windows\SYSTEM32\ntdll.dll
0x00007ffc178f0000 - 0x00007ffc179b1000 	C:\Windows\System32\KERNEL32.DLL
0x00007ffc16620000 - 0x00007ffc1691d000 	C:\Windows\System32\KERNELBASE.dll
0x00007ffc16040000 - 0x00007ffc16140000 	C:\Windows\System32\ucrtbase.dll
0x00007ffbfbcb0000 - 0x00007ffbfbcc9000 	D:\jdk17\bin\jli.dll
0x00007ffbfb3d0000 - 0x00007ffbfb3eb000 	D:\jdk17\bin\VCRUNTIME140.dll
0x00007ffc18480000 - 0x00007ffc18530000 	C:\Windows\System32\ADVAPI32.dll
0x00007ffc17e10000 - 0x00007ffc17eae000 	C:\Windows\System32\msvcrt.dll
0x00007ffc18850000 - 0x00007ffc188f0000 	C:\Windows\System32\sechost.dll
0x00007ffc18720000 - 0x00007ffc18843000 	C:\Windows\System32\RPCRT4.dll
0x00007ffc162c0000 - 0x00007ffc162e7000 	C:\Windows\System32\bcrypt.dll
0x00007ffc17af0000 - 0x00007ffc17c8d000 	C:\Windows\System32\USER32.dll
0x00007ffc029d0000 - 0x00007ffc02c6a000 	C:\Windows\WinSxS\amd64_microsoft.windows.common-controls_6595b64144ccf1df_6.0.19041.4355_none_60b8b9eb71f62e16\COMCTL32.dll
0x00007ffc16290000 - 0x00007ffc162b2000 	C:\Windows\System32\win32u.dll
0x00007ffc17fb0000 - 0x00007ffc17fdb000 	C:\Windows\System32\GDI32.dll
0x00007ffc16500000 - 0x00007ffc16617000 	C:\Windows\System32\gdi32full.dll
0x00007ffc16920000 - 0x00007ffc169bd000 	C:\Windows\System32\msvcp_win.dll
0x00007ffc0ea40000 - 0x00007ffc0ea4a000 	C:\Windows\SYSTEM32\VERSION.dll
0x00007ffc18530000 - 0x00007ffc1855f000 	C:\Windows\System32\IMM32.DLL
0x00007ffc02e70000 - 0x00007ffc02e7c000 	D:\jdk17\bin\vcruntime140_1.dll
0x00007ffbe32f0000 - 0x00007ffbe337e000 	D:\jdk17\bin\msvcp140.dll
0x00007ffb96360000 - 0x00007ffb96f3f000 	D:\jdk17\bin\server\jvm.dll
0x00007ffc18710000 - 0x00007ffc18718000 	C:\Windows\System32\PSAPI.DLL
0x00007ffc12750000 - 0x00007ffc12759000 	C:\Windows\SYSTEM32\WSOCK32.dll
0x00007ffc0cb60000 - 0x00007ffc0cb87000 	C:\Windows\SYSTEM32\WINMM.dll
0x00007ffc18560000 - 0x00007ffc185cb000 	C:\Windows\System32\WS2_32.dll
0x00007ffc13ec0000 - 0x00007ffc13ed2000 	C:\Windows\SYSTEM32\kernel.appcore.dll
0x00007ffc003c0000 - 0x00007ffc003ca000 	D:\jdk17\bin\jimage.dll
0x00007ffc0c8b0000 - 0x00007ffc0ca94000 	C:\Windows\SYSTEM32\DBGHELP.DLL
0x00007ffbfa680000 - 0x00007ffbfa6b4000 	C:\Windows\SYSTEM32\dbgcore.DLL
0x00007ffc161b0000 - 0x00007ffc16232000 	C:\Windows\System32\bcryptPrimitives.dll
0x00007ffbf3c80000 - 0x00007ffbf3ca5000 	D:\jdk17\bin\java.dll

dbghelp: loaded successfully - version: 4.0.5 - missing functions: none
symbol engine: initialized successfully - sym options: 0x614 - pdb path: .;D:\jdk17\bin;C:\Windows\SYSTEM32;C:\Windows\WinSxS\amd64_microsoft.windows.common-controls_6595b64144ccf1df_6.0.19041.4355_none_60b8b9eb71f62e16;D:\jdk17\bin\server

VM Arguments:
jvm_args: -Dnet.bytebuddy.agent.attacher.dump= 
java_command: net.bytebuddy.agent.Attacher com.sun.tools.attach.VirtualMachine 328 C:\Users\48698\.m2\repository\net\bytebuddy\byte-buddy-agent\1.14.19\byte-buddy-agent-1.14.19.jar false 
java_class_path (initial): C:\Users\48698\.m2\repository\net\bytebuddy\byte-buddy-agent\1.14.19\byte-buddy-agent-1.14.19.jar
Launcher Type: SUN_STANDARD

[Global flags]
     intx CICompilerCount                          = 4                                         {product} {ergonomic}
     uint ConcGCThreads                            = 2                                         {product} {ergonomic}
     uint G1ConcRefinementThreads                  = 8                                         {product} {ergonomic}
   size_t G1HeapRegionSize                         = 2097152                                   {product} {ergonomic}
    uintx GCDrainStackTargetSize                   = 64                                        {product} {ergonomic}
   size_t InitialHeapSize                          = 268435456                                 {product} {ergonomic}
   size_t MarkStackSize                            = 4194304                                   {product} {ergonomic}
   size_t MaxHeapSize                              = 4265607168                                {product} {ergonomic}
   size_t MinHeapDeltaBytes                        = 2097152                                   {product} {ergonomic}
   size_t MinHeapSize                              = 8388608                                   {product} {ergonomic}
    uintx NonNMethodCodeHeapSize                   = 5839372                                {pd product} {ergonomic}
    uintx NonProfiledCodeHeapSize                  = 122909434                              {pd product} {ergonomic}
    uintx ProfiledCodeHeapSize                     = 122909434                              {pd product} {ergonomic}
    uintx ReservedCodeCacheSize                    = 251658240                              {pd product} {ergonomic}
     bool SegmentedCodeCache                       = true                                      {product} {ergonomic}
   size_t SoftMaxHeapSize                          = 4265607168                             {manageable} {ergonomic}
     bool UseCompressedClassPointers               = true                           {product lp64_product} {ergonomic}
     bool UseCompressedOops                        = true                           {product lp64_product} {ergonomic}
     bool UseG1GC                                  = true                                      {product} {ergonomic}
     bool UseLargePagesIndividualAllocation        = false                                  {pd product} {ergonomic}

Logging:
Log output configuration:
 #0: stdout all=warning uptime,level,tags
 #1: stderr all=off uptime,level,tags

Environment Variables:
JAVA_HOME=D:/jdk17
PATH=C:\Users\48698\bin;C:\Program Files\Git\mingw64\bin;C:\Program Files\Git\usr\local\bin;C:\Program Files\Git\usr\bin;C:\Program Files\Git\usr\bin;C:\Program Files\Git\mingw64\bin;C:\Program Files\Git\usr\bin;C:\Users\48698\bin;C:\Program Files\Common Files\Oracle\Java\javapath;C:\Windows\system32;C:\Windows;C:\Windows\System32\Wbem;C:\Windows\System32\WindowsPowerShell\v1.0;C:\Windows\System32\OpenSSH;C:\Program Files\NVIDIA Corporation\NVIDIA NvDLISR;C:\Program Files\Git\cmd;C:\Program Files\dotnet;C:\Program Files (x86)\NVIDIA Corporation\PhysX\Common;D:\apache-maven-3.9.9\bin;D:\jdk17\bin;F:\nodejs;C:\Users\48698\AppData\Local\Microsoft\WindowsApps;F:\IntelliJ IDEA 2024.1.3\bin;F:\IntelliJ IDEA Community Edition 2024.1.3\bin;C:\Users\48698\AppData\Roaming\npm;D:\Microsoft VS Code\bin;C:\Program Files\Git\usr\bin\vendor_perl;C:\Program Files\Git\usr\bin\core_perl
USERNAME=48698
SHELL=C:\Program Files\Git\usr\bin\bash.exe
DISPLAY=needs-to-be-defined
LC_CTYPE=en_GB.UTF-8
OS=Windows_NT
PROCESSOR_IDENTIFIER=Intel64 Family 6 Model 158 Stepping 9, GenuineIntel



---------------  S Y S T E M  ---------------

OS:
 Windows 10 , 64 bit Build 19041 (10.0.19041.4717)
OS uptime: 30 days 23:00 hours

CPU: total 8 (initial active 8) (4 cores per cpu, 2 threads per core) family 6 model 158 stepping 9 microcode 0xb4, cx8, cmov, fxsr, ht, mmx, 3dnowpref, sse, sse2, sse3, ssse3, sse4.1, sse4.2, popcnt, lzcnt, tsc, tscinvbit, avx, avx2, aes, erms, clmul, bmi1, bmi2, adx, fma, vzeroupper, clflush, clflushopt

Memory: 4k page, system-wide physical 16267M (3287M free)
TotalPageFile size 20267M (AvailPageFile size 257M)
current process WorkingSet (physical memory assigned to process): 10M, peak: 10M
current process commit charge ("private bytes"): 60M, peak: 316M

vm_info: Java HotSpot(TM) 64-Bit Server VM (17.0.10+11-LTS-240) for windows-amd64 JRE (17.0.10+11-LTS-240), built on Dec 19 2023 21:47:25 by "mach5one" with MS VC++ 17.1 (VS2022)

END.
